Add Component: Footprint Not Found BMP280
Add Component: Footprint Not Found BMP280
Added Component: Designator=J?(SIM8066611401A)
Add component (AddParameter): Name = "Arrow Part Number"; Value = ""; VariantName = "[No Variations]"
Add component (AddParameter): Name = "Arrow Price/Stock"; Value = ""; VariantName = "[No Variations]"
Add component (AddParameter): Name = "Datasheet Link"; Value = "https://gct.co/connector/sim8066"; VariantName = "[No Variations]"
Add component (AddParameter): Name = "Height"; Value = "1.64mm"; VariantName = "[No Variations]"
Add component (AddParameter): Name = "Manufacturer_Name"; Value = "GCT (GLOBAL CONNECTOR TECHNOLOGY)"; VariantName = "[No Variations]"
Add component (AddParameter): Name = "Manufacturer_Part_Number"; Value = "SIM8066-6-1-14-01-A"; VariantName = "[No Variations]"
Add component (AddParameter): Name = "Mouser Part Number"; Value = "640-SIM8066-611401A"; VariantName = "[No Variations]"
Add component (AddParameter): Name = "Mouser Price/Stock"; Value = "https://www.mouser.co.uk/ProductDetail/GCT/SIM8066-6-1-14-01-A?qs=TuK3vfAjtkWgq0pKcqnMSw%3D%3D"; VariantName = "[No Variations]"
Added Component: Designator=U?(FP-PW0024A-MFG)
Add component (AddParameter): Name = "Ambient Temperature Range High"; Value = "+85°C"; VariantName = "[No Variations]"
Add component (AddParameter): Name = "Ambient Temperature Range Low"; Value = "-40°C"; VariantName = "[No Variations]"
Add component (AddParameter): Name = "Automotive"; Value = "No"; VariantName = "[No Variations]"
Add component (AddParameter): Name = "Category"; Value = "IC"; VariantName = "[No Variations]"
Add component (AddParameter): Name = "ComponentLink2Description"; Value = "Datasheet"; VariantName = "[No Variations]"
Add component (AddParameter): Name = "ComponentLink2URL"; Value = "http://www.ti.com/lit/ds/symlink/tca9548a.pdf"; VariantName = "[No Variations]"
Add component (AddParameter): Name = "Device Class L1"; Value = "Integrated Circuits (ICs)"; VariantName = "[No Variations]"
Add component (AddParameter): Name = "Device Class L2"; Value = "Interface ICs"; VariantName = "[No Variations]"
Add component (AddParameter): Name = "Device Class L3"; Value = "Multiplexers"; VariantName = "[No Variations]"
Add component (AddParameter): Name = "Digikey Description"; Value = "IC I2C SW 8CH W/RESET 24TSSOP"; VariantName = "[No Variations]"
Add component (AddParameter): Name = "Height"; Value = "1.2mm"; VariantName = "[No Variations]"
Add component (AddParameter): Name = "Interface"; Value = "I2C,SMBus"; VariantName = "[No Variations]"
Add component (AddParameter): Name = "Ipc Land Pattern Name"; Value = "SOP65P640X120-24"; VariantName = "[No Variations]"
Add component (AddParameter): Name = "Lead Free"; Value = "Yes"; VariantName = "[No Variations]"
Add component (AddParameter): Name = "Manufacturer"; Value = "Texas Instruments"; VariantName = "[No Variations]"
Add component (AddParameter): Name = "Manufacturer Part Number"; Value = "TCA9548APWR"; VariantName = "[No Variations]"
Add component (AddParameter): Name = "Max Supply Voltage"; Value = "5.5V"; VariantName = "[No Variations]"
Add component (AddParameter): Name = "Min Supply Voltage"; Value = "1.65V"; VariantName = "[No Variations]"
Add component (AddParameter): Name = "Mouser Description"; Value = "Low-Voltage 8-Channel I2C Switch With Reset 24-TSSOP -40 to 85"; VariantName = "[No Variations]"
Add component (AddParameter): Name = "Mux Demux Ratio"; Value = "1:8"; VariantName = "[No Variations]"
Add component (AddParameter): Name = "Nominal Supply Current"; Value = "2-50uA"; VariantName = "[No Variations]"
Add component (AddParameter): Name = "Number Of Circuits"; Value = "1"; VariantName = "[No Variations]"
Add component (AddParameter): Name = "Octopart"; Value = "https://octopart.com/tca9548apwr-texas+instruments-22266789"; VariantName = "[No Variations]"
Add component (AddParameter): Name = "Package"; Value = "PW0024A"; VariantName = "[No Variations]"
Add component (AddParameter): Name = "RoHS"; Value = "TRUE"; VariantName = "[No Variations]"
Add component (AddParameter): Name = "Standoff Height"; Value = "0.05mm"; VariantName = "[No Variations]"
Add component (AddParameter): Name = "Temperature"; Value = "-40°C to +85°C"; VariantName = "[No Variations]"
Add component (AddParameter): Name = "Temperature Range High"; Value = "+85°C"; VariantName = "[No Variations]"
Add component (AddParameter): Name = "Temperature Range Low"; Value = "-40°C"; VariantName = "[No Variations]"
Add Pin To Net: Unknown Pin: Pin *-SCK
Add Pin To Net: Unknown Pin: Pin *-SDI
Added Pin To Net: NetName=VDD Pin=J?-C1
Added Pin To Net: NetName=GND Pin=J?-C2
Added Pin To Net: NetName=SCK1 Pin=J?-C3
Added Pin To Net: NetName=VDD Pin=J?-C6
Added Pin To Net: NetName=COPI Pin=J?-C7
Added Pin To Net: NetName=CS Pin=J?-CD1
Added Pin To Net: NetName=GND Pin=J?-G1
Added Pin To Net: NetName=GND Pin=J?-G2
Added Pin To Net: NetName=GND Pin=J?-G3
Added Pin To Net: NetName=GND Pin=J?-G4
Added Pin To Net: NetName=D6 Pin=U?-1
Added Pin To Net: NetName=D7 Pin=U?-2
Added Pin To Net: NetName=GND Pin=U?-3
Added Pin To Net: NetName=GND Pin=U?-12
Added Pin To Net: NetName=GND Pin=U?-21
Added Pin To Net: NetName=SCL Pin=U?-22
Added Pin To Net: NetName=SDA Pin=U?-23
Added Pin To Net: NetName=VCC Pin=U?-24
Add Class Member: Failed to add class member : Component * BMP280
Add Class Member: Failed to add class member : Component * BMP280
Added Member To Class: ClassName=Sheet1 Member=Component J? SIM8066-6-1-14-01-A
Added Member To Class: ClassName=Sheet1 Member=Component U? TCA9548APWR
