Add Component: Footprint Not Found PCBComponent_1
Added Component: Designator=U2(FP-PW0024A-MFG)
Add component (AddParameter): Name = "Ambient Temperature Range High"; Value = "+85°C"; VariantName = "[No Variations]"
Add component (AddParameter): Name = "Ambient Temperature Range Low"; Value = "-40°C"; VariantName = "[No Variations]"
Add component (AddParameter): Name = "Automotive"; Value = "No"; VariantName = "[No Variations]"
Add component (AddParameter): Name = "Category"; Value = "IC"; VariantName = "[No Variations]"
Add component (AddParameter): Name = "ComponentLink2Description"; Value = "Datasheet"; VariantName = "[No Variations]"
Add component (AddParameter): Name = "ComponentLink2URL"; Value = "http://www.ti.com/lit/ds/symlink/tca9548a.pdf"; VariantName = "[No Variations]"
Add component (AddParameter): Name = "Device Class L1"; Value = "Integrated Circuits (ICs)"; VariantName = "[No Variations]"
Add component (AddParameter): Name = "Device Class L2"; Value = "Interface ICs"; VariantName = "[No Variations]"
Add component (AddParameter): Name = "Device Class L3"; Value = "Multiplexers"; VariantName = "[No Variations]"
Add component (AddParameter): Name = "Digikey Description"; Value = "IC I2C SW 8CH W/RESET 24TSSOP"; VariantName = "[No Variations]"
Add component (AddParameter): Name = "Height"; Value = "1.2mm"; VariantName = "[No Variations]"
Add component (AddParameter): Name = "Interface"; Value = "I2C,SMBus"; VariantName = "[No Variations]"
Add component (AddParameter): Name = "Ipc Land Pattern Name"; Value = "SOP65P640X120-24"; VariantName = "[No Variations]"
Add component (AddParameter): Name = "Lead Free"; Value = "Yes"; VariantName = "[No Variations]"
Add component (AddParameter): Name = "Manufacturer"; Value = "Texas Instruments"; VariantName = "[No Variations]"
Add component (AddParameter): Name = "Manufacturer Part Number"; Value = "TCA9548APWR"; VariantName = "[No Variations]"
Add component (AddParameter): Name = "Max Supply Voltage"; Value = "5.5V"; VariantName = "[No Variations]"
Add component (AddParameter): Name = "Min Supply Voltage"; Value = "1.65V"; VariantName = "[No Variations]"
Add component (AddParameter): Name = "Mouser Description"; Value = "Low-Voltage 8-Channel I2C Switch With Reset 24-TSSOP -40 to 85"; VariantName = "[No Variations]"
Add component (AddParameter): Name = "Mux Demux Ratio"; Value = "1:8"; VariantName = "[No Variations]"
Add component (AddParameter): Name = "Nominal Supply Current"; Value = "2-50uA"; VariantName = "[No Variations]"
Add component (AddParameter): Name = "Number Of Circuits"; Value = "1"; VariantName = "[No Variations]"
Add component (AddParameter): Name = "Octopart"; Value = "https://octopart.com/tca9548apwr-texas+instruments-22266789"; VariantName = "[No Variations]"
Add component (AddParameter): Name = "Package"; Value = "PW0024A"; VariantName = "[No Variations]"
Add component (AddParameter): Name = "RoHS"; Value = "TRUE"; VariantName = "[No Variations]"
Add component (AddParameter): Name = "Standoff Height"; Value = "0.05mm"; VariantName = "[No Variations]"
Add component (AddParameter): Name = "Temperature"; Value = "-40°C to +85°C"; VariantName = "[No Variations]"
Add component (AddParameter): Name = "Temperature Range High"; Value = "+85°C"; VariantName = "[No Variations]"
Add component (AddParameter): Name = "Temperature Range Low"; Value = "-40°C"; VariantName = "[No Variations]"
Add Pin To Net: Unknown Pin: Pin U1-GND
Add Pin To Net: Unknown Pin: Pin U1-SCK
Add Pin To Net: Unknown Pin: Pin U1-SDI
Added Pin To Net: NetName=VDD Pin=U1-VIN
Added Pin To Net: NetName=D6 Pin=U2-1
Added Pin To Net: NetName=D7 Pin=U2-2
Added Pin To Net: NetName=GND Pin=U2-3
Added Pin To Net: NetName=GND Pin=U2-12
Added Pin To Net: NetName=GND Pin=U2-21
Added Pin To Net: NetName=SCL Pin=U2-22
Added Pin To Net: NetName=SDA Pin=U2-23
Added Pin To Net: NetName=VCC Pin=U2-24
Added Member To Class: ClassName=Sheet1 Member=Component U1 Giga
Added Member To Class: ClassName=Sheet1 Member=Component U1 BMP280
Added Member To Class: ClassName=Sheet1 Member=Component U2 TCA9548APWR
