Removed Pin From Net: NetName=CS Pin=U1-CS
Removed Pin From Net: NetName=GND Pin=U1-MISO
Removed Pin From Net: NetName=GND Pin=U1-RST2
Added Component: Designator=J1(HDRV10W64P254_2X5_1270X500X952P)
Add component (AddParameter): Name = "Arrow Part Number"; Value = "PH2-10-UA"; VariantName = "[No Variations]"
Add component (AddParameter): Name = "Arrow Price/Stock"; Value = "https://www.arrow.com/en/products/ph2-10-ua/adam-tech?region=nac"; VariantName = "[No Variations]"
Add component (AddParameter): Name = "Datasheet Link"; Value = "https://datasheet.datasheetarchive.com/originals/distributors/Datasheets_SAMA/c63e3fe101e7b6e3957e7ad4a1a98367.pdf"; VariantName = "[No Variations]"
Add component (AddParameter): Name = "Height"; Value = "9.516mm"; VariantName = "[No Variations]"
Add component (AddParameter): Name = "Manufacturer_Name"; Value = "Adam Tech"; VariantName = "[No Variations]"
Add component (AddParameter): Name = "Manufacturer_Part_Number"; Value = "PH2-10-UA"; VariantName = "[No Variations]"
Add component (AddParameter): Name = "Mouser Part Number"; Value = ""; VariantName = "[No Variations]"
Add component (AddParameter): Name = "Mouser Price/Stock"; Value = ""; VariantName = "[No Variations]"
Added Component: Designator=U?(FP-PW0024A-MFG)
Add component (AddParameter): Name = "Ambient Temperature Range High"; Value = "+85°C"; VariantName = "[No Variations]"
Add component (AddParameter): Name = "Ambient Temperature Range Low"; Value = "-40°C"; VariantName = "[No Variations]"
Add component (AddParameter): Name = "Automotive"; Value = "No"; VariantName = "[No Variations]"
Add component (AddParameter): Name = "Category"; Value = "IC"; VariantName = "[No Variations]"
Add component (AddParameter): Name = "ComponentLink2Description"; Value = "Datasheet"; VariantName = "[No Variations]"
Add component (AddParameter): Name = "ComponentLink2URL"; Value = "http://www.ti.com/lit/ds/symlink/tca9548a.pdf"; VariantName = "[No Variations]"
Add component (AddParameter): Name = "Device Class L1"; Value = "Integrated Circuits (ICs)"; VariantName = "[No Variations]"
Add component (AddParameter): Name = "Device Class L2"; Value = "Interface ICs"; VariantName = "[No Variations]"
Add component (AddParameter): Name = "Device Class L3"; Value = "Multiplexers"; VariantName = "[No Variations]"
Add component (AddParameter): Name = "Digikey Description"; Value = "IC I2C SW 8CH W/RESET 24TSSOP"; VariantName = "[No Variations]"
Add component (AddParameter): Name = "Height"; Value = "1.2mm"; VariantName = "[No Variations]"
Add component (AddParameter): Name = "Interface"; Value = "I2C,SMBus"; VariantName = "[No Variations]"
Add component (AddParameter): Name = "Ipc Land Pattern Name"; Value = "SOP65P640X120-24"; VariantName = "[No Variations]"
Add component (AddParameter): Name = "Lead Free"; Value = "Yes"; VariantName = "[No Variations]"
Add component (AddParameter): Name = "Manufacturer"; Value = "Texas Instruments"; VariantName = "[No Variations]"
Add component (AddParameter): Name = "Manufacturer Part Number"; Value = "TCA9548APWR"; VariantName = "[No Variations]"
Add component (AddParameter): Name = "Max Supply Voltage"; Value = "5.5V"; VariantName = "[No Variations]"
Add component (AddParameter): Name = "Min Supply Voltage"; Value = "1.65V"; VariantName = "[No Variations]"
Add component (AddParameter): Name = "Mouser Description"; Value = "Low-Voltage 8-Channel I2C Switch With Reset 24-TSSOP -40 to 85"; VariantName = "[No Variations]"
Add component (AddParameter): Name = "Mux Demux Ratio"; Value = "1:8"; VariantName = "[No Variations]"
Add component (AddParameter): Name = "Nominal Supply Current"; Value = "2-50uA"; VariantName = "[No Variations]"
Add component (AddParameter): Name = "Number Of Circuits"; Value = "1"; VariantName = "[No Variations]"
Add component (AddParameter): Name = "Octopart"; Value = "https://octopart.com/tca9548apwr-texas+instruments-22266789"; VariantName = "[No Variations]"
Add component (AddParameter): Name = "Package"; Value = "PW0024A"; VariantName = "[No Variations]"
Add component (AddParameter): Name = "RoHS"; Value = "TRUE"; VariantName = "[No Variations]"
Add component (AddParameter): Name = "Standoff Height"; Value = "0.05mm"; VariantName = "[No Variations]"
Add component (AddParameter): Name = "Temperature"; Value = "-40°C to +85°C"; VariantName = "[No Variations]"
Add component (AddParameter): Name = "Temperature Range High"; Value = "+85°C"; VariantName = "[No Variations]"
Add component (AddParameter): Name = "Temperature Range Low"; Value = "-40°C"; VariantName = "[No Variations]"
Added Pin To Net: NetName=VCC Pin=J1-9
Added Pin To Net: NetName=GND Pin=J1-10
Added Pin To Net: NetName=GND Pin=U1-GND4
Added Pin To Net: NetName=D6 Pin=U?-1
Added Pin To Net: NetName=D7 Pin=U?-2
Added Pin To Net: NetName=GND Pin=U?-3
Added Pin To Net: NetName=GND Pin=U?-12
Added Pin To Net: NetName=GND Pin=U?-21
Added Pin To Net: NetName=SCL Pin=U?-22
Added Pin To Net: NetName=SDA Pin=U?-23
Added Pin To Net: NetName=VCC Pin=U?-24
Added Pin To Net: NetName=CLKOUT Pin=J1-1
Added Net: Name=CLKOUT
Added Pin To Net: NetName=ETH_CS Pin=J1-7
Added Pin To Net: NetName=ETH_CS Pin=U1-D5
Added Net: Name=ETH_CS
Added Pin To Net: NetName=INT Pin=J1-2
Added Net: Name=INT
Added Pin To Net: NetName=RESET Pin=J1-8
Added Pin To Net: NetName=RESET Pin=U1-RST2
Added Net: Name=RESET
Added Pin To Net: NetName=SCK2 Pin=J1-6
Added Pin To Net: NetName=SCK2 Pin=U1-SCK2
Added Net: Name=SCK2
Added Pin To Net: NetName=SD_CS Pin=U1-CS
Added Net: Name=SD_CS
Added Pin To Net: NetName=SI Pin=J1-5
Added Pin To Net: NetName=SI Pin=U1-MOSI
Added Net: Name=SI
Added Pin To Net: NetName=SO Pin=J1-4
Added Pin To Net: NetName=SO Pin=U1-MISO
Added Net: Name=SO
Added Pin To Net: NetName=WOL Pin=J1-3
Added Net: Name=WOL
Added Member To Class: ClassName=Sheet1 Member=Component J1 104031-0811
Added Member To Class: ClassName=Sheet1 Member=Component U? TCA9548APWR
